<?xml version="1.0" encoding="UTF-8"?>
<!-- Generated by org.testng.reporters.JUnitXMLReporter -->
<testsuite ignored="0" hostname="DESKTOP-K3VEMPL" failures="2" tests="32" name="Surefire test" time="0.844" errors="0" timestamp="2025-12-14T23:27:04 IST">
  <testcase classname="com.ecommerce.api.client.RestApiClientTest" name="testExtractResponseDataWithoutResponse" time="0.013"/>
  <testcase classname="com.ecommerce.api.client.RestApiClientTest" name="testExtractResponseDataWithTypeWithoutResponse" time="0.013"/>
  <testcase classname="com.ecommerce.api.client.RestApiClientTest" name="testClientInitialization" time="0.012"/>
  <testcase classname="com.ecommerce.api.client.RestApiClientTest" name="testGetLastResponseInitiallyNull" time="0.001"/>
  <testcase classname="com.ecommerce.api.client.RestApiClientTest" name="testGetResponseBodyWithoutResponse" time="0.001"/>
  <testcase classname="com.ecommerce.api.client.RestApiClientTest" name="testGetResponseBodyAsWithoutResponse" time="0.003"/>
  <testcase classname="com.ecommerce.api.client.RestApiClientTest" name="testGetErrorDetailsWithoutResponse" time="0.001"/>
  <testcase classname="com.ecommerce.api.client.RestApiClientTest" name="testResetFunctionality" time="0.002"/>
  <testcase classname="com.ecommerce.api.client.RestApiClientTest" name="testValidateJsonResponseWithoutResponse" time="0.001"/>
  <testcase classname="com.ecommerce.api.client.RestApiClientTest" name="testIsResponseSuccessfulWithoutResponse" time="0.004"/>
  <testcase classname="com.ecommerce.api.client.RestApiClientTest" name="testValidateContentTypeWithoutResponse" time="0.003"/>
  <testcase classname="com.ecommerce.api.client.RestApiClientTest" name="testValidateStatusCodeWithoutResponse" time="0.002"/>
  <testcase classname="com.ecommerce.api.config.ConfigurationManagerTest" name="testApiEndpoints" time="0.001"/>
  <testcase classname="com.ecommerce.api.config.ConfigurationManagerTest" name="testConfigurationHelper" time="0.002"/>
  <testcase classname="com.ecommerce.api.config.ConfigurationManagerTest" name="testConvenienceMethods" time="0.001"/>
  <testcase classname="com.ecommerce.api.config.ConfigurationManagerTest" name="testDefaultEnvironmentLoading" time="0.001"/>
  <testcase classname="com.ecommerce.api.config.ConfigurationManagerTest" name="testInvalidEnvironment" time="0.001"/>
  <testcase classname="com.ecommerce.api.config.ConfigurationManagerTest" name="testPropertyAccess" time="0.001"/>
  <testcase classname="com.ecommerce.api.config.ConfigurationManagerTest" name="testPropertyWithDefaultValue" time="0.001"/>
  <testcase classname="com.ecommerce.api.config.ConfigurationManagerTest" name="testEnvironmentValidation" time="0.013"/>
  <testcase classname="com.ecommerce.api.config.ConfigurationManagerTest" name="testSingletonInstance" time="0.001"/>
  <testcase classname="com.ecommerce.api.client.RestApiClientTest" name="testValidateResponseTimeWithoutResponse" time="0.029"/>
  <testcase classname="com.ecommerce.api.utils.TestDataManagerTest" name="testCreateUniqueTestUser" time="0.012"/>
  <testcase classname="com.ecommerce.api.utils.TestDataManagerTest" name="testCreateMultipleUniqueUsers" time="0.012"/>
  <testcase classname="com.ecommerce.api.utils.TestDataManagerTest" name="testGetValidAndInvalidCredentials" time="0.006"/>
  <testcase classname="com.ecommerce.api.utils.TestDataManagerTest" name="testTestDataStatistics" time="0.018">
    <failure type="java.lang.AssertionError" message="Should have correct total user count expected [5] but found [3]">
      <![CDATA[java.lang.AssertionError: Should have correct total user count expected [5] but found [3]
at com.ecommerce.api.utils.TestDataManagerTest.testTestDataStatistics(TestDataManagerTest.java:156)
at java.base/java.util.concurrent.ThreadPoolExecutor.runWorker(ThreadPoolExecutor.java:1095)
at java.base/java.util.concurrent.ThreadPoolExecutor$Worker.run(ThreadPoolExecutor.java:619)
at java.base/java.lang.Thread.run(Thread.java:1447)
... Removed 16 stack frames]]>
    </failure>
  </testcase> <!-- testTestDataStatistics -->
  <testcase classname="com.ecommerce.api.utils.TestDataManagerTest" name="testTestUserValidation" time="0.004"/>
  <testcase classname="com.ecommerce.api.utils.TestDataManagerTest" name="testTestSessionManagement" time="0.032">
    <failure type="java.lang.AssertionError" message="Should retrieve correct number of users for session expected [3] but found [0]">
      <![CDATA[java.lang.AssertionError: Should retrieve correct number of users for session expected [3] but found [0]
at com.ecommerce.api.utils.TestDataManagerTest.testTestSessionManagement(TestDataManagerTest.java:118)
at java.base/java.util.concurrent.ThreadPoolExecutor.runWorker(ThreadPoolExecutor.java:1095)
at java.base/java.util.concurrent.ThreadPoolExecutor$Worker.run(ThreadPoolExecutor.java:619)
at java.base/java.lang.Thread.run(Thread.java:1447)
... Removed 16 stack frames]]>
    </failure>
  </testcase> <!-- testTestSessionManagement -->
  <testcase classname="com.ecommerce.api.utils.TestDataManagerTest" name="testUserCleanup" time="0.005"/>
  <testcase classname="com.ecommerce.api.utils.TestDataManagerTest" name="testUserCopyMethods" time="0.001"/>
  <testcase classname="com.ecommerce.api.utils.TestDataManagerTest" name="testCreateTestUserWithSpecificUsername" time="0.026"/>
  <testcase classname="com.ecommerce.api.utils.TestDataManagerTest" name="testUserCredentialsCreation" time="0.0"/>
</testsuite> <!-- Surefire test -->
