<?xml version="1.0" encoding="UTF-8"?>
<testsuite xmlns:xsi="http://www.w3.org/2001/XMLSchema-instance" xsi:noNamespaceSchemaLocation="https://maven.apache.org/surefire/maven-surefire-plugin/xsd/surefire-test-report-3.0.xsd" version="3.0" name="TestSuite" time="2.137" tests="32" errors="0" skipped="0" failures="2">
  <properties>
[...]
</properties>
  <testcase name="testExtractResponseDataWithoutResponse" classname="com.ecommerce.api.client.RestApiClientTest" time="0.106">
    <system-out><![CDATA[23:27:02,989 |-INFO in ch.qos.logback.classic.LoggerContext[default] - This is logback-classic version 1.4.11
23:27:02,993 |-INFO in ch.qos.logback.classic.util.ContextInitializer@4c371370 - No custom configurators were discovered as a service.
23:27:02,994 |-INFO in ch.qos.logback.classic.util.ContextInitializer@4c371370 - Trying to configure with ch.qos.logback.classic.joran.SerializedModelConfigurator
23:27:03,001 |-INFO in ch.qos.logback.classic.util.ContextInitializer@4c371370 - Constructed configurator of type class ch.qos.logback.classic.joran.SerializedModelConfigurator
23:27:03,005 |-INFO in ch.qos.logback.classic.LoggerContext[default] - Could NOT find resource [logback-test.scmo]
23:27:03,006 |-INFO in ch.qos.logback.classic.LoggerContext[default] - Could NOT find resource [logback.scmo]
23:27:03,036 |-INFO in ch.qos.logback.classic.util.ContextInitializer@4c371370 - ch.qos.logback.classic.joran.SerializedModelConfigurator.configure() call lasted 7 milliseconds. ExecutionStatus=INVOKE_NEXT_IF_ANY
23:27:03,036 |-INFO in ch.qos.logback.classic.util.ContextInitializer@4c371370 - Trying to configure with ch.qos.logback.classic.util.DefaultJoranConfigurator
23:27:03,037 |-INFO in ch.qos.logback.classic.util.ContextInitializer@4c371370 - Constructed configurator of type class ch.qos.logback.classic.util.DefaultJoranConfigurator
23:27:03,040 |-INFO in ch.qos.logback.classic.LoggerContext[default] - Found resource [logback-test.xml] at [file:/C:/Users/SIC/Desktop/Automation%20Of%20Shopnest/Shopnest/target/test-classes/logback-test.xml]
23:27:03,258 |-INFO in ch.qos.logback.core.model.processor.AppenderModelHandler - Processing appender named [CONSOLE]
23:27:03,258 |-INFO in ch.qos.logback.core.model.processor.AppenderModelHandler - About to instantiate appender of type [ch.qos.logback.core.ConsoleAppender]
23:27:03,268 |-INFO in ch.qos.logback.core.model.processor.ImplicitModelHandler - Assuming default type [ch.qos.logback.classic.encoder.PatternLayoutEncoder] for [encoder] property
23:27:03,310 |-INFO in ch.qos.logback.core.model.processor.AppenderModelHandler - Processing appender named [FILE]
23:27:03,310 |-INFO in ch.qos.logback.core.model.processor.AppenderModelHandler - About to instantiate appender of type [ch.qos.logback.core.rolling.RollingFileAppender]
23:27:03,341 |-INFO in c.q.l.core.rolling.TimeBasedRollingPolicy@341796579 - No compression will be used
23:27:03,342 |-INFO in c.q.l.core.rolling.TimeBasedRollingPolicy@341796579 - Will use the pattern target/logs/api-tests.%d{yyyy-MM-dd}.%i.log for the active file
23:27:03,345 |-INFO in ch.qos.logback.core.rolling.SizeAndTimeBasedFNATP@3023df74 - The date pattern is 'yyyy-MM-dd' from file name pattern 'target/logs/api-tests.%d{yyyy-MM-dd}.%i.log'.
23:27:03,345 |-INFO in ch.qos.logback.core.rolling.SizeAndTimeBasedFNATP@3023df74 - Roll-over at midnight.
23:27:03,347 |-INFO in ch.qos.logback.core.rolling.SizeAndTimeBasedFNATP@3023df74 - Setting initial period to 2025-12-14T17:56:37.486Z
23:27:03,348 |-WARN in ch.qos.logback.core.rolling.SizeAndTimeBasedFNATP@3023df74 - SizeAndTimeBasedFNATP is deprecated. Use SizeAndTimeBasedRollingPolicy instead
23:27:03,348 |-WARN in ch.qos.logback.core.rolling.SizeAndTimeBasedFNATP@3023df74 - For more information see http://logback.qos.ch/manual/appenders.html#SizeAndTimeBasedRollingPolicy
23:27:03,351 |-INFO in ch.qos.logback.core.model.processor.ImplicitModelHandler - Assuming default type [ch.qos.logback.classic.encoder.PatternLayoutEncoder] for [encoder] property
23:27:03,354 |-INFO in ch.qos.logback.core.rolling.RollingFileAppender[FILE] - Active log file name: target/logs/api-tests.log
23:27:03,354 |-INFO in ch.qos.logback.core.rolling.RollingFileAppender[FILE] - File property is set to [target/logs/api-tests.log]
23:27:03,355 |-INFO in ch.qos.logback.core.model.processor.AppenderModelHandler - Processing appender named [HTTP_LOG]
23:27:03,355 |-INFO in ch.qos.logback.core.model.processor.AppenderModelHandler - About to instantiate appender of type [ch.qos.logback.core.rolling.RollingFileAppender]
23:27:03,356 |-INFO in c.q.l.core.rolling.TimeBasedRollingPolicy@825936265 - No compression will be used
23:27:03,356 |-INFO in c.q.l.core.rolling.TimeBasedRollingPolicy@825936265 - Will use the pattern target/logs/http-interactions.%d{yyyy-MM-dd}.%i.log for the active file
23:27:03,356 |-INFO in ch.qos.logback.core.rolling.SizeAndTimeBasedFNATP@4562e04d - The date pattern is 'yyyy-MM-dd' from file name pattern 'target/logs/http-interactions.%d{yyyy-MM-dd}.%i.log'.
23:27:03,356 |-INFO in ch.qos.logback.core.rolling.SizeAndTimeBasedFNATP@4562e04d - Roll-over at midnight.
23:27:03,357 |-INFO in ch.qos.logback.core.rolling.SizeAndTimeBasedFNATP@4562e04d - Setting initial period to 2025-12-14T17:56:37.473Z
23:27:03,357 |-WARN in ch.qos.logback.core.rolling.SizeAndTimeBasedFNATP@4562e04d - SizeAndTimeBasedFNATP is deprecated. Use SizeAndTimeBasedRollingPolicy instead
23:27:03,357 |-WARN in ch.qos.logback.core.rolling.SizeAndTimeBasedFNATP@4562e04d - For more information see http://logback.qos.ch/manual/appenders.html#SizeAndTimeBasedRollingPolicy
23:27:03,357 |-INFO in ch.qos.logback.core.model.processor.ImplicitModelHandler - Assuming default type [ch.qos.logback.classic.encoder.PatternLayoutEncoder] for [encoder] property
23:27:03,358 |-INFO in ch.qos.logback.core.rolling.RollingFileAppender[HTTP_LOG] - Active log file name: target/logs/http-interactions.log
23:27:03,358 |-INFO in ch.qos.logback.core.rolling.RollingFileAppender[HTTP_LOG] - File property is set to [target/logs/http-interactions.log]
23:27:03,358 |-INFO in ch.qos.logback.core.model.processor.AppenderModelHandler - Processing appender named [METRICS_LOG]
23:27:03,358 |-INFO in ch.qos.logback.core.model.processor.AppenderModelHandler - About to instantiate appender of type [ch.qos.logback.core.rolling.RollingFileAppender]
23:27:03,359 |-INFO in c.q.l.core.rolling.TimeBasedRollingPolicy@711327356 - No compression will be used
23:27:03,359 |-INFO in c.q.l.core.rolling.TimeBasedRollingPolicy@711327356 - Will use the pattern target/logs/performance-metrics.%d{yyyy-MM-dd}.%i.log for the active file
23:27:03,360 |-INFO in ch.qos.logback.core.rolling.SizeAndTimeBasedFNATP@4135c3b - The date pattern is 'yyyy-MM-dd' from file name pattern 'target/logs/performance-metrics.%d{yyyy-MM-dd}.%i.log'.
23:27:03,360 |-INFO in ch.qos.logback.core.rolling.SizeAndTimeBasedFNATP@4135c3b - Roll-over at midnight.
23:27:03,360 |-INFO in ch.qos.logback.core.rolling.SizeAndTimeBasedFNATP@4135c3b - Setting initial period to 2025-12-14T17:56:37.485Z
23:27:03,360 |-WARN in ch.qos.logback.core.rolling.SizeAndTimeBasedFNATP@4135c3b - SizeAndTimeBasedFNATP is deprecated. Use SizeAndTimeBasedRollingPolicy instead
23:27:03,360 |-WARN in ch.qos.logback.core.rolling.SizeAndTimeBasedFNATP@4135c3b - For more information see http://logback.qos.ch/manual/appenders.html#SizeAndTimeBasedRollingPolicy
23:27:03,361 |-INFO in ch.qos.logback.core.model.processor.ImplicitModelHandler - Assuming default type [ch.qos.logback.classic.encoder.PatternLayoutEncoder] for [encoder] property
23:27:03,362 |-INFO in ch.qos.logback.core.rolling.RollingFileAppender[METRICS_LOG] - Active log file name: target/logs/performance-metrics.log
23:27:03,362 |-INFO in ch.qos.logback.core.rolling.RollingFileAppender[METRICS_LOG] - File property is set to [target/logs/performance-metrics.log]
23:27:03,362 |-INFO in ch.qos.logback.core.model.processor.AppenderModelHandler - Processing appender named [ERROR_LOG]
23:27:03,362 |-INFO in ch.qos.logback.core.model.processor.AppenderModelHandler - About to instantiate appender of type [ch.qos.logback.core.rolling.RollingFileAppender]
23:27:03,366 |-INFO in c.q.l.core.rolling.TimeBasedRollingPolicy@1661123505 - No compression will be used
23:27:03,366 |-INFO in c.q.l.core.rolling.TimeBasedRollingPolicy@1661123505 - Will use the pattern target/logs/api-errors.%d{yyyy-MM-dd}.%i.log for the active file
23:27:03,367 |-INFO in ch.qos.logback.core.rolling.SizeAndTimeBasedFNATP@31304f14 - The date pattern is 'yyyy-MM-dd' from file name pattern 'target/logs/api-errors.%d{yyyy-MM-dd}.%i.log'.
23:27:03,367 |-INFO in ch.qos.logback.core.rolling.SizeAndTimeBasedFNATP@31304f14 - Roll-over at midnight.
23:27:03,368 |-INFO in ch.qos.logback.core.rolling.SizeAndTimeBasedFNATP@31304f14 - Setting initial period to 2025-12-14T17:56:36.823Z
23:27:03,368 |-WARN in ch.qos.logback.core.rolling.SizeAndTimeBasedFNATP@31304f14 - SizeAndTimeBasedFNATP is deprecated. Use SizeAndTimeBasedRollingPolicy instead
23:27:03,368 |-WARN in ch.qos.logback.core.rolling.SizeAndTimeBasedFNATP@31304f14 - For more information see http://logback.qos.ch/manual/appenders.html#SizeAndTimeBasedRollingPolicy
23:27:03,368 |-INFO in ch.qos.logback.core.model.processor.ImplicitModelHandler - Assuming default type [ch.qos.logback.classic.encoder.PatternLayoutEncoder] for [encoder] property
23:27:03,369 |-INFO in ch.qos.logback.core.rolling.RollingFileAppender[ERROR_LOG] - Active log file name: target/logs/api-errors.log
23:27:03,369 |-INFO in ch.qos.logback.core.rolling.RollingFileAppender[ERROR_LOG] - File property is set to [target/logs/api-errors.log]
23:27:03,370 |-INFO in ch.qos.logback.classic.model.processor.LoggerModelHandler - Setting level of logger [HTTP_INTERACTIONS] to INFO
23:27:03,372 |-INFO in ch.qos.logback.classic.model.processor.LoggerModelHandler - Setting additivity of logger [HTTP_INTERACTIONS] to false
23:27:03,372 |-INFO in ch.qos.logback.core.model.processor.AppenderRefModelHandler - Attaching appender named [HTTP_LOG] to Logger[HTTP_INTERACTIONS]
23:27:03,373 |-INFO in ch.qos.logback.core.model.processor.AppenderRefModelHandler - Attaching appender named [CONSOLE] to Logger[HTTP_INTERACTIONS]
23:27:03,374 |-INFO in ch.qos.logback.classic.model.processor.LoggerModelHandler - Setting level of logger [API_ERRORS] to ERROR
23:27:03,374 |-INFO in ch.qos.logback.classic.model.processor.LoggerModelHandler - Setting additivity of logger [API_ERRORS] to false
23:27:03,374 |-INFO in ch.qos.logback.core.model.processor.AppenderRefModelHandler - Attaching appender named [ERROR_LOG] to Logger[API_ERRORS]
23:27:03,374 |-INFO in ch.qos.logback.core.model.processor.AppenderRefModelHandler - Attaching appender named [CONSOLE] to Logger[API_ERRORS]
23:27:03,374 |-INFO in ch.qos.logback.classic.model.processor.LoggerModelHandler - Setting level of logger [com.ecommerce.api.utils.PerformanceMetrics] to INFO
23:27:03,374 |-INFO in ch.qos.logback.classic.model.processor.LoggerModelHandler - Setting additivity of logger [com.ecommerce.api.utils.PerformanceMetrics] to false
23:27:03,374 |-INFO in ch.qos.logback.core.model.processor.AppenderRefModelHandler - Attaching appender named [METRICS_LOG] to Logger[com.ecommerce.api.utils.PerformanceMetrics]
23:27:03,374 |-INFO in ch.qos.logback.core.model.processor.AppenderRefModelHandler - Attaching appender named [CONSOLE] to Logger[com.ecommerce.api.utils.PerformanceMetrics]
23:27:03,374 |-INFO in ch.qos.logback.classic.model.processor.LoggerModelHandler - Setting level of logger [com.ecommerce.api.client] to DEBUG
23:27:03,374 |-INFO in ch.qos.logback.classic.model.processor.LoggerModelHandler - Setting additivity of logger [com.ecommerce.api.client] to false
23:27:03,374 |-INFO in ch.qos.logback.core.model.processor.AppenderRefModelHandler - Attaching appender named [HTTP_LOG] to Logger[com.ecommerce.api.client]
23:27:03,374 |-INFO in ch.qos.logback.core.model.processor.AppenderRefModelHandler - Attaching appender named [CONSOLE] to Logger[com.ecommerce.api.client]
23:27:03,374 |-INFO in ch.qos.logback.classic.model.processor.LoggerModelHandler - Setting level of logger [com.ecommerce.api.stepdefinitions] to DEBUG
23:27:03,374 |-INFO in ch.qos.logback.classic.model.processor.LoggerModelHandler - Setting additivity of logger [com.ecommerce.api.stepdefinitions] to false
23:27:03,374 |-INFO in ch.qos.logback.core.model.processor.AppenderRefModelHandler - Attaching appender named [FILE] to Logger[com.ecommerce.api.stepdefinitions]
23:27:03,374 |-INFO in ch.qos.logback.core.model.processor.AppenderRefModelHandler - Attaching appender named [CONSOLE] to Logger[com.ecommerce.api.stepdefinitions]
23:27:03,374 |-INFO in ch.qos.logback.classic.model.processor.LoggerModelHandler - Setting level of logger [io.restassured] to WARN
23:27:03,374 |-INFO in ch.qos.logback.classic.model.processor.LoggerModelHandler - Setting additivity of logger [io.restassured] to false
23:27:03,374 |-INFO in ch.qos.logback.core.model.processor.AppenderRefModelHandler - Attaching appender named [HTTP_LOG] to Logger[io.restassured]
23:27:03,374 |-INFO in ch.qos.logback.classic.model.processor.LoggerModelHandler - Setting level of logger [io.cucumber] to INFO
23:27:03,374 |-INFO in ch.qos.logback.classic.model.processor.LoggerModelHandler - Setting additivity of logger [io.cucumber] to false
23:27:03,374 |-INFO in ch.qos.logback.core.model.processor.AppenderRefModelHandler - Attaching appender named [FILE] to Logger[io.cucumber]
23:27:03,374 |-INFO in ch.qos.logback.core.model.processor.AppenderRefModelHandler - Attaching appender named [CONSOLE] to Logger[io.cucumber]
23:27:03,374 |-INFO in ch.qos.logback.classic.model.processor.RootLoggerModelHandler - Setting level of ROOT logger to INFO
23:27:03,374 |-INFO in ch.qos.logback.core.model.processor.AppenderRefModelHandler - Attaching appender named [CONSOLE] to Logger[ROOT]
23:27:03,374 |-INFO in ch.qos.logback.core.model.processor.AppenderRefModelHandler - Attaching appender named [FILE] to Logger[ROOT]
23:27:03,374 |-INFO in ch.qos.logback.core.model.processor.AppenderRefModelHandler - Attaching appender named [ERROR_LOG] to Logger[ROOT]
23:27:03,375 |-INFO in ch.qos.logback.core.model.processor.DefaultProcessor@34a3d150 - End of configuration.
23:27:03,376 |-INFO in ch.qos.logback.classic.joran.JoranConfigurator@2a4fb17b - Registering current configuration as safe fallback point
23:27:03,376 |-INFO in ch.qos.logback.classic.util.ContextInitializer@4c371370 - ch.qos.logback.classic.util.DefaultJoranConfigurator.configure() call lasted 339 milliseconds. ExecutionStatus=DO_NOT_INVOKE_NEXT_IF_ANY

2025-12-14 23:27:03.893 [TestNG-test=Surefire test-1] INFO  [NO_ID] [NO_SCENARIO] c.e.api.config.ConfigurationManager - Successfully loaded configuration for environment: dev
2025-12-14 23:27:04.524 [TestNG-test=Surefire test-1] INFO  [NO_ID] [NO_SCENARIO] c.ecommerce.api.client.RestApiClient - REST Assured configured with base URI: http://localhost:8000
2025-12-14 23:27:04.544 [TestNG-test=Surefire test-3] DEBUG [NO_ID] [NO_SCENARIO] c.ecommerce.api.client.RestApiClient - REST API client state reset
2025-12-14 23:27:04.545 [TestNG-test=Surefire test-3] ERROR [NO_ID] [NO_SCENARIO] c.ecommerce.api.client.RestApiClient - No response available for data extraction
2025-12-14 23:27:04.545 [TestNG-test=Surefire test-2] DEBUG [NO_ID] [NO_SCENARIO] c.ecommerce.api.client.RestApiClient - REST API client state reset
2025-12-14 23:27:04.547 [TestNG-test=Surefire test-2] ERROR [NO_ID] [NO_SCENARIO] c.ecommerce.api.client.RestApiClient - No response available for data extraction
]]></system-out>
  </testcase>
  <testcase name="testExtractResponseDataWithTypeWithoutResponse" classname="com.ecommerce.api.client.RestApiClientTest" time="0.126"/>
  <testcase name="testClientInitialization" classname="com.ecommerce.api.client.RestApiClientTest" time="0.127"/>
  <testcase name="testGetLastResponseInitiallyNull" classname="com.ecommerce.api.client.RestApiClientTest" time="0.01">
    <system-out><![CDATA[2025-12-14 23:27:04.556 [TestNG-test=Surefire test-3] DEBUG [NO_ID] [NO_SCENARIO] c.ecommerce.api.client.RestApiClient - REST API client state reset
]]></system-out>
  </testcase>
  <testcase name="testGetResponseBodyWithoutResponse" classname="com.ecommerce.api.client.RestApiClientTest" time="0.083">
    <system-out><![CDATA[2025-12-14 23:27:04.557 [TestNG-test=Surefire test-1] DEBUG [NO_ID] [NO_SCENARIO] c.ecommerce.api.client.RestApiClient - REST API client state reset
2025-12-14 23:27:04.558 [TestNG-test=Surefire test-3] DEBUG [NO_ID] [NO_SCENARIO] c.ecommerce.api.client.RestApiClient - REST API client state reset
2025-12-14 23:27:04.558 [TestNG-test=Surefire test-3] ERROR [NO_ID] [NO_SCENARIO] c.ecommerce.api.client.RestApiClient - No response available to get body
]]></system-out>
  </testcase>
  <testcase name="testGetResponseBodyAsWithoutResponse" classname="com.ecommerce.api.client.RestApiClientTest" time="0.0">
    <system-out><![CDATA[2025-12-14 23:27:04.558 [TestNG-test=Surefire test-1] ERROR [NO_ID] [NO_SCENARIO] c.ecommerce.api.client.RestApiClient - No response available to deserialize
]]></system-out>
  </testcase>
  <testcase name="testGetErrorDetailsWithoutResponse" classname="com.ecommerce.api.client.RestApiClientTest" time="0.0">
    <system-out><![CDATA[2025-12-14 23:27:04.559 [TestNG-test=Surefire test-2] DEBUG [NO_ID] [NO_SCENARIO] c.ecommerce.api.client.RestApiClient - REST API client state reset
]]></system-out>
  </testcase>
  <testcase name="testResetFunctionality" classname="com.ecommerce.api.client.RestApiClientTest" time="0.006">
    <system-out><![CDATA[2025-12-14 23:27:04.560 [TestNG-test=Surefire test-3] DEBUG [NO_ID] [NO_SCENARIO] c.ecommerce.api.client.RestApiClient - REST API client state reset
2025-12-14 23:27:04.561 [TestNG-test=Surefire test-1] DEBUG [NO_ID] [NO_SCENARIO] c.ecommerce.api.client.RestApiClient - REST API client state reset
]]></system-out>
  </testcase>
  <testcase name="testValidateJsonResponseWithoutResponse" classname="com.ecommerce.api.client.RestApiClientTest" time="0.001">
    <system-out><![CDATA[2025-12-14 23:27:04.561 [TestNG-test=Surefire test-2] DEBUG [NO_ID] [NO_SCENARIO] c.ecommerce.api.client.RestApiClient - REST API client state reset
2025-12-14 23:27:04.562 [TestNG-test=Surefire test-3] ERROR [NO_ID] [NO_SCENARIO] c.ecommerce.api.client.RestApiClient - No response available to check success status
2025-12-14 23:27:04.563 [TestNG-test=Surefire test-1] DEBUG [NO_ID] [NO_SCENARIO] c.ecommerce.api.client.RestApiClient - REST API client state reset
2025-12-14 23:27:04.564 [TestNG-test=Surefire test-1] ERROR [NO_ID] [NO_SCENARIO] c.ecommerce.api.client.RestApiClient - No response available for JSON validation
]]></system-out>
  </testcase>
  <testcase name="testIsResponseSuccessfulWithoutResponse" classname="com.ecommerce.api.client.RestApiClientTest" time="0.001"/>
  <testcase name="testValidateContentTypeWithoutResponse" classname="com.ecommerce.api.client.RestApiClientTest" time="0.003">
    <system-out><![CDATA[2025-12-14 23:27:04.564 [TestNG-test=Surefire test-2] ERROR [NO_ID] [NO_SCENARIO] c.ecommerce.api.client.RestApiClient - No response available for content type validation
]]></system-out>
  </testcase>
  <testcase name="testValidateStatusCodeWithoutResponse" classname="com.ecommerce.api.client.RestApiClientTest" time="0.006">
    <system-out><![CDATA[2025-12-14 23:27:04.570 [TestNG-test=Surefire test-2] DEBUG [NO_ID] [NO_SCENARIO] c.ecommerce.api.client.RestApiClient - REST API client state reset
2025-12-14 23:27:04.570 [TestNG-test=Surefire test-2] ERROR [NO_ID] [NO_SCENARIO] c.ecommerce.api.client.RestApiClient - No response available for status code validation
]]></system-out>
  </testcase>
  <testcase name="testValidateResponseTimeWithoutResponse" classname="com.ecommerce.api.client.RestApiClientTest" time="0.013">
    <system-out><![CDATA[2025-12-14 23:27:04.594 [TestNG-test=Surefire test-3] INFO  [NO_ID] [NO_SCENARIO] c.e.api.utils.TestDataManager - TestDataManager initialized
2025-12-14 23:27:04.594 [TestNG-test=Surefire test-1] DEBUG [NO_ID] [NO_SCENARIO] c.ecommerce.api.client.RestApiClient - REST API client state reset
2025-12-14 23:27:04.596 [TestNG-test=Surefire test-1] ERROR [NO_ID] [NO_SCENARIO] c.ecommerce.api.client.RestApiClient - No response available for response time validation
]]></system-out>
  </testcase>
  <testcase name="testApiEndpoints" classname="com.ecommerce.api.config.ConfigurationManagerTest" time="0.001"/>
  <testcase name="testConfigurationHelper" classname="com.ecommerce.api.config.ConfigurationManagerTest" time="0.001"/>
  <testcase name="testConvenienceMethods" classname="com.ecommerce.api.config.ConfigurationManagerTest" time="0.0"/>
  <testcase name="testDefaultEnvironmentLoading" classname="com.ecommerce.api.config.ConfigurationManagerTest" time="0.0"/>
  <testcase name="testInvalidEnvironment" classname="com.ecommerce.api.config.ConfigurationManagerTest" time="0.0"/>
  <testcase name="testPropertyAccess" classname="com.ecommerce.api.config.ConfigurationManagerTest" time="0.002">
    <system-out><![CDATA[2025-12-14 23:27:04.578 [TestNG-test=Surefire test-3] INFO  [NO_ID] [NO_SCENARIO] c.e.api.config.ConfigurationManager - Successfully loaded configuration for environment: test
2025-12-14 23:27:04.579 [TestNG-test=Surefire test-3] INFO  [NO_ID] [NO_SCENARIO] c.e.api.config.ConfigurationManager - Environment changed to: test
2025-12-14 23:27:04.581 [TestNG-test=Surefire test-3] INFO  [NO_ID] [NO_SCENARIO] c.e.api.config.ConfigurationManager - Successfully loaded configuration for environment: staging
2025-12-14 23:27:04.581 [TestNG-test=Surefire test-3] INFO  [NO_ID] [NO_SCENARIO] c.e.api.config.ConfigurationManager - Environment changed to: staging
]]></system-out>
  </testcase>
  <testcase name="testPropertyWithDefaultValue" classname="com.ecommerce.api.config.ConfigurationManagerTest" time="0.0"/>
  <testcase name="testEnvironmentValidation" classname="com.ecommerce.api.config.ConfigurationManagerTest" time="0.01">
    <system-out><![CDATA[2025-12-14 23:27:04.588 [TestNG-test=Surefire test-3] INFO  [NO_ID] [NO_SCENARIO] c.e.api.config.ConfigurationManager - Successfully loaded configuration for environment: dev
2025-12-14 23:27:04.590 [TestNG-test=Surefire test-3] INFO  [NO_ID] [NO_SCENARIO] c.e.api.config.ConfigurationManager - Environment changed to: dev
]]></system-out>
  </testcase>
  <testcase name="testSingletonInstance" classname="com.ecommerce.api.config.ConfigurationManagerTest" time="0.01"/>
  <testcase name="testCreateUniqueTestUser" classname="com.ecommerce.api.utils.TestDataManagerTest" time="0.0">
    <system-out><![CDATA[2025-12-14 23:27:04.596 [TestNG-test=Surefire test-3] INFO  [NO_ID] [NO_SCENARIO] c.e.api.utils.TestIsolationManager - TestIsolationManager initialized
2025-12-14 23:27:04.598 [TestNG-test=Surefire test-2] INFO  [NO_ID] [NO_SCENARIO] c.e.api.utils.TestDataManager - Cleaned up all test data. Total users removed: 0
2025-12-14 23:27:04.598 [TestNG-test=Surefire test-1] INFO  [NO_ID] [NO_SCENARIO] c.e.api.utils.TestDataManager - Cleaned up all test data. Total users removed: 0
2025-12-14 23:27:04.606 [TestNG-test=Surefire test-3] INFO  [NO_ID] [NO_SCENARIO] c.e.api.utils.TestDataManager - Cleaned up all test data. Total users removed: 0
]]></system-out>
  </testcase>
  <testcase name="testCreateMultipleUniqueUsers" classname="com.ecommerce.api.utils.TestDataManagerTest" time="0.007">
    <system-out><![CDATA[2025-12-14 23:27:04.615 [TestNG-test=Surefire test-1] INFO  [NO_ID] [NO_SCENARIO] c.e.api.utils.TestDataManager - Cleaned up all test data. Total users removed: 6
2025-12-14 23:27:04.615 [TestNG-test=Surefire test-3] INFO  [NO_ID] [NO_SCENARIO] c.e.api.utils.TestDataManager - Created 5 test users for session: null
2025-12-14 23:27:04.615 [TestNG-test=Surefire test-1] WARN  [NO_ID] [NO_SCENARIO] c.e.api.utils.TestIsolationManager - Performing force cleanup of all active sessions
2025-12-14 23:27:04.617 [TestNG-test=Surefire test-1] INFO  [NO_ID] [NO_SCENARIO] c.e.api.utils.TestIsolationManager - Force cleanup completed. Total resources cleaned: 0
]]></system-out>
  </testcase>
  <testcase name="testGetValidAndInvalidCredentials" classname="com.ecommerce.api.utils.TestDataManagerTest" time="0.0">
    <system-out><![CDATA[2025-12-14 23:27:04.620 [TestNG-test=Surefire test-3] INFO  [NO_ID] [NO_SCENARIO] c.e.api.utils.TestDataManager - Cleaned up all test data. Total users removed: 0
2025-12-14 23:27:04.620 [TestNG-test=Surefire test-3] WARN  [NO_ID] [NO_SCENARIO] c.e.api.utils.TestIsolationManager - Performing force cleanup of all active sessions
2025-12-14 23:27:04.620 [TestNG-test=Surefire test-3] INFO  [NO_ID] [NO_SCENARIO] c.e.api.utils.TestIsolationManager - Force cleanup completed. Total resources cleaned: 0
2025-12-14 23:27:04.620 [TestNG-test=Surefire test-1] INFO  [NO_ID] [NO_SCENARIO] c.e.api.utils.TestDataManager - Cleaned up all test data. Total users removed: 0
2025-12-14 23:27:04.621 [TestNG-test=Surefire test-3] INFO  [NO_ID] [NO_SCENARIO] c.e.api.utils.TestDataManager - Cleaned up all test data. Total users removed: 0
2025-12-14 23:27:04.624 [TestNG-test=Surefire test-3] INFO  [NO_ID] [NO_SCENARIO] c.e.api.utils.TestDataManager - Created 3 test users for session: null
]]></system-out>
  </testcase>
  <testcase name="testTestDataStatistics" classname="com.ecommerce.api.utils.TestDataManagerTest" time="0.002">
    <failure message="Should have correct total user count expected [5] but found [3]" type="java.lang.AssertionError"><![CDATA[java.lang.AssertionError: Should have correct total user count expected [5] but found [3]
	at org.testng.Assert.fail(Assert.java:111)
	at org.testng.Assert.failNotEquals(Assert.java:1578)
	at org.testng.Assert.assertEqualsImpl(Assert.java:150)
	at org.testng.Assert.assertEquals(Assert.java:132)
	at org.testng.Assert.assertEquals(Assert.java:1419)
	at org.testng.Assert.assertEquals(Assert.java:1383)
	at com.ecommerce.api.utils.TestDataManagerTest.testTestDataStatistics(TestDataManagerTest.java:156)
	at java.base/jdk.internal.reflect.DirectMethodHandleAccessor.invoke(DirectMethodHandleAccessor.java:104)
	at java.base/java.lang.reflect.Method.invoke(Method.java:565)
	at org.testng.internal.invokers.MethodInvocationHelper.invokeMethod(MethodInvocationHelper.java:139)
	at org.testng.internal.invokers.TestInvoker.invokeMethod(TestInvoker.java:664)
	at org.testng.internal.invokers.TestInvoker.invokeTestMethod(TestInvoker.java:227)
	at org.testng.internal.invokers.MethodRunner.runInSequence(MethodRunner.java:50)
	at org.testng.internal.invokers.TestInvoker$MethodInvocationAgent.invoke(TestInvoker.java:957)
	at org.testng.internal.invokers.TestInvoker.invokeTestMethods(TestInvoker.java:200)
	at org.testng.internal.invokers.TestMethodWorker.invokeTestMethods(TestMethodWorker.java:148)
	at org.testng.internal.invokers.TestMethodWorker.run(TestMethodWorker.java:128)
	at java.base/java.util.concurrent.ThreadPoolExecutor.runWorker(ThreadPoolExecutor.java:1095)
	at java.base/java.util.concurrent.ThreadPoolExecutor$Worker.run(ThreadPoolExecutor.java:619)
	at java.base/java.lang.Thread.run(Thread.java:1447)
]]></failure>
    <system-out><![CDATA[2025-12-14 23:27:04.629 [TestNG-test=Surefire test-1] INFO  [NO_ID] [NO_SCENARIO] c.e.api.utils.TestDataManager - Cleaned up all test data. Total users removed: 6
2025-12-14 23:27:04.629 [TestNG-test=Surefire test-1] WARN  [NO_ID] [NO_SCENARIO] c.e.api.utils.TestIsolationManager - Performing force cleanup of all active sessions
2025-12-14 23:27:04.629 [TestNG-test=Surefire test-1] INFO  [NO_ID] [NO_SCENARIO] c.e.api.utils.TestIsolationManager - Force cleanup completed. Total resources cleaned: 0
2025-12-14 23:27:04.630 [TestNG-test=Surefire test-1] INFO  [NO_ID] [NO_SCENARIO] c.e.api.utils.TestDataManager - Cleaned up all test data. Total users removed: 0
2025-12-14 23:27:04.631 [TestNG-test=Surefire test-3] INFO  [NO_ID] [NO_SCENARIO] c.e.api.utils.TestDataManager - Created 2 test users for session: session1
2025-12-14 23:27:04.636 [TestNG-test=Surefire test-1] INFO  [NO_ID] [NO_SCENARIO] c.e.api.utils.TestDataManager - Created 3 test users for session: test_session_1
]]></system-out>
  </testcase>
  <testcase name="testTestUserValidation" classname="com.ecommerce.api.utils.TestDataManagerTest" time="0.001">
    <system-out><![CDATA[2025-12-14 23:27:04.647 [TestNG-test=Surefire test-3] INFO  [NO_ID] [NO_SCENARIO] c.e.api.utils.TestDataManager - Cleaned up all test data. Total users removed: 4
2025-12-14 23:27:04.647 [TestNG-test=Surefire test-3] WARN  [NO_ID] [NO_SCENARIO] c.e.api.utils.TestIsolationManager - Performing force cleanup of all active sessions
2025-12-14 23:27:04.647 [TestNG-test=Surefire test-3] INFO  [NO_ID] [NO_SCENARIO] c.e.api.utils.TestIsolationManager - Force cleanup completed. Total resources cleaned: 0
2025-12-14 23:27:04.648 [TestNG-test=Surefire test-3] INFO  [NO_ID] [NO_SCENARIO] c.e.api.utils.TestDataManager - Cleaned up all test data. Total users removed: 0
2025-12-14 23:27:04.659 [TestNG-test=Surefire test-3] WARN  [NO_ID] [NO_SCENARIO] com.ecommerce.api.models.TestUser - Test user validation failed for username: . Errors: Username is required; Password is required; Email format is invalid
]]></system-out>
  </testcase>
  <testcase name="testCreateTestUserWithSpecificUsername" classname="com.ecommerce.api.utils.TestDataManagerTest" time="0.004">
    <system-out><![CDATA[2025-12-14 23:27:04.661 [TestNG-test=Surefire test-3] INFO  [NO_ID] [NO_SCENARIO] c.e.api.utils.TestDataManager - Cleaned up all test data. Total users removed: 1
2025-12-14 23:27:04.661 [TestNG-test=Surefire test-3] WARN  [NO_ID] [NO_SCENARIO] c.e.api.utils.TestIsolationManager - Performing force cleanup of all active sessions
2025-12-14 23:27:04.661 [TestNG-test=Surefire test-3] INFO  [NO_ID] [NO_SCENARIO] c.e.api.utils.TestIsolationManager - Force cleanup completed. Total resources cleaned: 0
]]></system-out>
  </testcase>
  <testcase name="testTestSessionManagement" classname="com.ecommerce.api.utils.TestDataManagerTest" time="0.008">
    <failure message="Should retrieve correct number of users for session expected [3] but found [0]" type="java.lang.AssertionError"><![CDATA[java.lang.AssertionError: Should retrieve correct number of users for session expected [3] but found [0]
	at org.testng.Assert.fail(Assert.java:111)
	at org.testng.Assert.failNotEquals(Assert.java:1578)
	at org.testng.Assert.assertEqualsImpl(Assert.java:150)
	at org.testng.Assert.assertEquals(Assert.java:132)
	at org.testng.Assert.assertEquals(Assert.java:1419)
	at org.testng.Assert.assertEquals(Assert.java:1383)
	at com.ecommerce.api.utils.TestDataManagerTest.testTestSessionManagement(TestDataManagerTest.java:118)
	at java.base/jdk.internal.reflect.DirectMethodHandleAccessor.invoke(DirectMethodHandleAccessor.java:104)
	at java.base/java.lang.reflect.Method.invoke(Method.java:565)
	at org.testng.internal.invokers.MethodInvocationHelper.invokeMethod(MethodInvocationHelper.java:139)
	at org.testng.internal.invokers.TestInvoker.invokeMethod(TestInvoker.java:664)
	at org.testng.internal.invokers.TestInvoker.invokeTestMethod(TestInvoker.java:227)
	at org.testng.internal.invokers.MethodRunner.runInSequence(MethodRunner.java:50)
	at org.testng.internal.invokers.TestInvoker$MethodInvocationAgent.invoke(TestInvoker.java:957)
	at org.testng.internal.invokers.TestInvoker.invokeTestMethods(TestInvoker.java:200)
	at org.testng.internal.invokers.TestMethodWorker.invokeTestMethods(TestMethodWorker.java:148)
	at org.testng.internal.invokers.TestMethodWorker.run(TestMethodWorker.java:128)
	at java.base/java.util.concurrent.ThreadPoolExecutor.runWorker(ThreadPoolExecutor.java:1095)
	at java.base/java.util.concurrent.ThreadPoolExecutor$Worker.run(ThreadPoolExecutor.java:619)
	at java.base/java.lang.Thread.run(Thread.java:1447)
]]></failure>
    <system-out><![CDATA[2025-12-14 23:27:04.663 [TestNG-test=Surefire test-3] INFO  [NO_ID] [NO_SCENARIO] c.e.api.utils.TestDataManager - Cleaned up all test data. Total users removed: 0
]]></system-out>
  </testcase>
  <testcase name="testUserCleanup" classname="com.ecommerce.api.utils.TestDataManagerTest" time="0.0">
    <system-out><![CDATA[2025-12-14 23:27:04.664 [TestNG-test=Surefire test-1] INFO  [NO_ID] [NO_SCENARIO] c.e.api.utils.TestDataManager - Cleaned up all test data. Total users removed: 0
2025-12-14 23:27:04.664 [TestNG-test=Surefire test-1] WARN  [NO_ID] [NO_SCENARIO] c.e.api.utils.TestIsolationManager - Performing force cleanup of all active sessions
2025-12-14 23:27:04.664 [TestNG-test=Surefire test-1] INFO  [NO_ID] [NO_SCENARIO] c.e.api.utils.TestIsolationManager - Force cleanup completed. Total resources cleaned: 0
]]></system-out>
  </testcase>
  <testcase name="testUserCopyMethods" classname="com.ecommerce.api.utils.TestDataManagerTest" time="0.001">
    <system-out><![CDATA[2025-12-14 23:27:04.668 [TestNG-test=Surefire test-1] INFO  [NO_ID] [NO_SCENARIO] c.e.api.utils.TestDataManager - Cleaned up all test data. Total users removed: 0
2025-12-14 23:27:04.669 [TestNG-test=Surefire test-3] INFO  [NO_ID] [NO_SCENARIO] c.e.api.utils.TestDataManager - Cleaned up all test data. Total users removed: 0
2025-12-14 23:27:04.669 [TestNG-test=Surefire test-3] WARN  [NO_ID] [NO_SCENARIO] c.e.api.utils.TestIsolationManager - Performing force cleanup of all active sessions
]]></system-out>
  </testcase>
  <testcase name="testUserCredentialsCreation" classname="com.ecommerce.api.utils.TestDataManagerTest" time="0.001">
    <system-out><![CDATA[2025-12-14 23:27:04.670 [TestNG-test=Surefire test-3] INFO  [NO_ID] [NO_SCENARIO] c.e.api.utils.TestIsolationManager - Force cleanup completed. Total resources cleaned: 0
2025-12-14 23:27:04.672 [TestNG-test=Surefire test-1] INFO  [NO_ID] [NO_SCENARIO] c.e.api.utils.TestDataManager - Cleaned up all test data. Total users removed: 1
2025-12-14 23:27:04.672 [TestNG-test=Surefire test-1] WARN  [NO_ID] [NO_SCENARIO] c.e.api.utils.TestIsolationManager - Performing force cleanup of all active sessions
2025-12-14 23:27:04.672 [TestNG-test=Surefire test-1] INFO  [NO_ID] [NO_SCENARIO] c.e.api.utils.TestIsolationManager - Force cleanup completed. Total resources cleaned: 0
2025-12-14 23:27:04.673 [TestNG-test=Surefire test-3] INFO  [NO_ID] [NO_SCENARIO] c.e.api.utils.TestDataManager - Cleaned up all test data. Total users removed: 0
2025-12-14 23:27:04.673 [TestNG-test=Surefire test-2] INFO  [NO_ID] [NO_SCENARIO] c.e.api.utils.TestDataManager - Cleaned up all test data. Total users removed: 0
2025-12-14 23:27:04.673 [TestNG-test=Surefire test-2] WARN  [NO_ID] [NO_SCENARIO] c.e.api.utils.TestIsolationManager - Performing force cleanup of all active sessions
2025-12-14 23:27:04.674 [TestNG-test=Surefire test-2] INFO  [NO_ID] [NO_SCENARIO] c.e.api.utils.TestIsolationManager - Force cleanup completed. Total resources cleaned: 0
]]></system-out>
  </testcase>
</testsuite>