<?xml version="1.0" encoding="UTF-8"?>
<!-- Generated by org.testng.reporters.JUnitReportReporter -->
<testsuite hostname="DESKTOP-K3VEMPL" failures="0" tests="13" name="com.ecommerce.api.client.RestApiClientTest" time="0.085" errors="0" timestamp="2025-12-14T23:27:05 IST" skipped="0">
  <testcase classname="com.ecommerce.api.client.RestApiClientTest" name="testValidateContentTypeWithoutResponse" time="0.003"/>
  <testcase classname="com.ecommerce.api.client.RestApiClientTest" name="testIsResponseSuccessfulWithoutResponse" time="0.004"/>
  <testcase classname="com.ecommerce.api.client.RestApiClientTest" name="testResetFunctionality" time="0.002"/>
  <testcase classname="com.ecommerce.api.client.RestApiClientTest" name="testValidateResponseTimeWithoutResponse" time="0.029"/>
  <testcase classname="com.ecommerce.api.client.RestApiClientTest" name="testGetLastResponseInitiallyNull" time="0.001"/>
  <testcase classname="com.ecommerce.api.client.RestApiClientTest" name="testGetErrorDetailsWithoutResponse" time="0.001"/>
  <testcase classname="com.ecommerce.api.client.RestApiClientTest" name="testValidateStatusCodeWithoutResponse" time="0.002"/>
  <testcase classname="com.ecommerce.api.client.RestApiClientTest" name="testGetResponseBodyWithoutResponse" time="0.001"/>
  <testcase classname="com.ecommerce.api.client.RestApiClientTest" name="testClientInitialization" time="0.012"/>
  <testcase classname="com.ecommerce.api.client.RestApiClientTest" name="testExtractResponseDataWithTypeWithoutResponse" time="0.013"/>
  <testcase classname="com.ecommerce.api.client.RestApiClientTest" name="testExtractResponseDataWithoutResponse" time="0.013"/>
  <testcase classname="com.ecommerce.api.client.RestApiClientTest" name="testValidateJsonResponseWithoutResponse" time="0.001"/>
  <testcase classname="com.ecommerce.api.client.RestApiClientTest" name="testGetResponseBodyAsWithoutResponse" time="0.003"/>
</testsuite> <!-- com.ecommerce.api.client.RestApiClientTest -->
