<?xml version="1.0" encoding="UTF-8"?>
<!-- Generated by org.testng.reporters.JUnitReportReporter -->
<testsuite hostname="DESKTOP-K3VEMPL" failures="0" tests="9" name="com.ecommerce.api.config.ConfigurationManagerTest" time="0.026" errors="0" timestamp="2025-12-14T23:27:05 IST" skipped="0">
  <testcase classname="com.ecommerce.api.config.ConfigurationManagerTest" name="testApiEndpoints" time="0.001"/>
  <testcase classname="com.ecommerce.api.config.ConfigurationManagerTest" name="testConfigurationHelper" time="0.003"/>
  <testcase classname="com.ecommerce.api.config.ConfigurationManagerTest" name="testDefaultEnvironmentLoading" time="0.001"/>
  <testcase classname="com.ecommerce.api.config.ConfigurationManagerTest" name="testConvenienceMethods" time="0.002"/>
  <testcase classname="com.ecommerce.api.config.ConfigurationManagerTest" name="testInvalidEnvironment" time="0.002"/>
  <testcase classname="com.ecommerce.api.config.ConfigurationManagerTest" name="testEnvironmentValidation" time="0.013"/>
  <testcase classname="com.ecommerce.api.config.ConfigurationManagerTest" name="testSingletonInstance" time="0.001"/>
  <testcase classname="com.ecommerce.api.config.ConfigurationManagerTest" name="testPropertyWithDefaultValue" time="0.001"/>
  <testcase classname="com.ecommerce.api.config.ConfigurationManagerTest" name="testPropertyAccess" time="0.002"/>
</testsuite> <!-- com.ecommerce.api.config.ConfigurationManagerTest -->
