<?xml version="1.0" encoding="UTF-8"?>
<!-- Generated by org.testng.reporters.JUnitReportReporter -->
<testsuite hostname="DESKTOP-K3VEMPL" failures="2" tests="10" name="com.ecommerce.api.utils.TestDataManagerTest" time="0.165" errors="0" timestamp="2025-12-14T23:27:05 IST" skipped="0">
  <testcase classname="com.ecommerce.api.utils.TestDataManagerTest" name="testUserCredentialsCreation" time="0.005"/>
  <testcase classname="com.ecommerce.api.utils.TestDataManagerTest" name="testTestDataStatistics" time="0.020">
    <failure message="Should have correct total user count expected [5] but found [3]" type="java.lang.AssertionError">
      <![CDATA[java.lang.AssertionError: Should have correct total user count expected [5] but found [3]
at org.testng.Assert.fail(Assert.java:111)
at org.testng.Assert.failNotEquals(Assert.java:1578)
at org.testng.Assert.assertEqualsImpl(Assert.java:150)
at org.testng.Assert.assertEquals(Assert.java:132)
at org.testng.Assert.assertEquals(Assert.java:1419)
at org.testng.Assert.assertEquals(Assert.java:1383)
at com.ecommerce.api.utils.TestDataManagerTest.testTestDataStatistics(TestDataManagerTest.java:156)
at java.base/jdk.internal.reflect.DirectMethodHandleAccessor.invoke(DirectMethodHandleAccessor.java:104)
at java.base/java.lang.reflect.Method.invoke(Method.java:565)
at org.testng.internal.invokers.MethodInvocationHelper.invokeMethod(MethodInvocationHelper.java:139)
at org.testng.internal.invokers.TestInvoker.invokeMethod(TestInvoker.java:664)
at org.testng.internal.invokers.TestInvoker.invokeTestMethod(TestInvoker.java:227)
at org.testng.internal.invokers.MethodRunner.runInSequence(MethodRunner.java:50)
at org.testng.internal.invokers.TestInvoker$MethodInvocationAgent.invoke(TestInvoker.java:957)
at org.testng.internal.invokers.TestInvoker.invokeTestMethods(TestInvoker.java:200)
at org.testng.internal.invokers.TestMethodWorker.invokeTestMethods(TestMethodWorker.java:148)
at org.testng.internal.invokers.TestMethodWorker.run(TestMethodWorker.java:128)
at java.base/java.util.concurrent.ThreadPoolExecutor.runWorker(ThreadPoolExecutor.java:1095)
at java.base/java.util.concurrent.ThreadPoolExecutor$Worker.run(ThreadPoolExecutor.java:619)
at java.base/java.lang.Thread.run(Thread.java:1447)
]]>
    </failure>
  </testcase> <!-- testTestDataStatistics -->
  <testcase classname="com.ecommerce.api.utils.TestDataManagerTest" name="testCreateUniqueTestUser" time="0.019"/>
  <testcase classname="com.ecommerce.api.utils.TestDataManagerTest" name="testCreateMultipleUniqueUsers" time="0.015"/>
  <testcase classname="com.ecommerce.api.utils.TestDataManagerTest" name="testTestUserValidation" time="0.006"/>
  <testcase classname="com.ecommerce.api.utils.TestDataManagerTest" name="testUserCleanup" time="0.021"/>
  <testcase classname="com.ecommerce.api.utils.TestDataManagerTest" name="testTestSessionManagement" time="0.042">
    <failure message="Should retrieve correct number of users for session expected [3] but found [0]" type="java.lang.AssertionError">
      <![CDATA[java.lang.AssertionError: Should retrieve correct number of users for session expected [3] but found [0]
at org.testng.Assert.fail(Assert.java:111)
at org.testng.Assert.failNotEquals(Assert.java:1578)
at org.testng.Assert.assertEqualsImpl(Assert.java:150)
at org.testng.Assert.assertEquals(Assert.java:132)
at org.testng.Assert.assertEquals(Assert.java:1419)
at org.testng.Assert.assertEquals(Assert.java:1383)
at com.ecommerce.api.utils.TestDataManagerTest.testTestSessionManagement(TestDataManagerTest.java:118)
at java.base/jdk.internal.reflect.DirectMethodHandleAccessor.invoke(DirectMethodHandleAccessor.java:104)
at java.base/java.lang.reflect.Method.invoke(Method.java:565)
at org.testng.internal.invokers.MethodInvocationHelper.invokeMethod(MethodInvocationHelper.java:139)
at org.testng.internal.invokers.TestInvoker.invokeMethod(TestInvoker.java:664)
at org.testng.internal.invokers.TestInvoker.invokeTestMethod(TestInvoker.java:227)
at org.testng.internal.invokers.MethodRunner.runInSequence(MethodRunner.java:50)
at org.testng.internal.invokers.TestInvoker$MethodInvocationAgent.invoke(TestInvoker.java:957)
at org.testng.internal.invokers.TestInvoker.invokeTestMethods(TestInvoker.java:200)
at org.testng.internal.invokers.TestMethodWorker.invokeTestMethods(TestMethodWorker.java:148)
at org.testng.internal.invokers.TestMethodWorker.run(TestMethodWorker.java:128)
at java.base/java.util.concurrent.ThreadPoolExecutor.runWorker(ThreadPoolExecutor.java:1095)
at java.base/java.util.concurrent.ThreadPoolExecutor$Worker.run(ThreadPoolExecutor.java:619)
at java.base/java.lang.Thread.run(Thread.java:1447)
]]>
    </failure>
  </testcase> <!-- testTestSessionManagement -->
  <testcase classname="com.ecommerce.api.utils.TestDataManagerTest" name="testCreateTestUserWithSpecificUsername" time="0.027"/>
  <testcase classname="com.ecommerce.api.utils.TestDataManagerTest" name="testGetValidAndInvalidCredentials" time="0.007"/>
  <testcase classname="com.ecommerce.api.utils.TestDataManagerTest" name="testUserCopyMethods" time="0.003"/>
</testsuite> <!-- com.ecommerce.api.utils.TestDataManagerTest -->
